{"/home/ntquoc/WORKSPACE/react-vite/src/BaseUI/index.ts": {"path":"/home/ntquoc/WORKSPACE/react-vite/src/BaseUI/index.ts","statementMap":{},"fnMap":{},"branchMap":{},"s":{},"f":{},"b":{},"_coverageSchema":"1a1c01bbd47fc00a2c39e90264f33305004495a9","hash":"0e297824777ceff2285cc1fa67693b3c716098bc"}
,"/home/ntquoc/WORKSPACE/react-vite/src/BaseUI/button/index.tsx": {"path":"/home/ntquoc/WORKSPACE/react-vite/src/BaseUI/button/index.tsx","statementMap":{"0":{"start":{"line":10,"column":28},"end":{"line":26,"column":1}},"1":{"start":{"line":12,"column":22},"end":{"line":12,"column":33}},"2":{"start":{"line":14,"column":23},"end":{"line":14,"column":59}},"3":{"start":{"line":15,"column":25},"end":{"line":15,"column":64}},"4":{"start":{"line":18,"column":26},"end":{"line":18,"column":63}}},"fnMap":{"0":{"name":"(anonymous_0)","decl":{"start":{"line":12,"column":11},"end":{"line":12,"column":12}},"loc":{"start":{"line":12,"column":22},"end":{"line":12,"column":33}},"line":12},"1":{"name":"(anonymous_1)","decl":{"start":{"line":14,"column":11},"end":{"line":14,"column":12}},"loc":{"start":{"line":14,"column":23},"end":{"line":14,"column":59}},"line":14},"2":{"name":"(anonymous_2)","decl":{"start":{"line":15,"column":13},"end":{"line":15,"column":14}},"loc":{"start":{"line":15,"column":25},"end":{"line":15,"column":64}},"line":15},"3":{"name":"(anonymous_3)","decl":{"start":{"line":18,"column":15},"end":{"line":18,"column":16}},"loc":{"start":{"line":18,"column":26},"end":{"line":18,"column":63}},"line":18}},"branchMap":{"0":{"loc":{"start":{"line":14,"column":23},"end":{"line":14,"column":59}},"type":"cond-expr","locations":[{"start":{"line":14,"column":37},"end":{"line":14,"column":43}},{"start":{"line":14,"column":46},"end":{"line":14,"column":59}}],"line":14},"1":{"loc":{"start":{"line":15,"column":25},"end":{"line":15,"column":64}},"type":"cond-expr","locations":[{"start":{"line":15,"column":40},"end":{"line":15,"column":54}},{"start":{"line":15,"column":57},"end":{"line":15,"column":64}}],"line":15}},"s":{"0":1,"1":3,"2":3,"3":3,"4":3},"f":{"0":3,"1":3,"2":3,"3":3},"b":{"0":[0,3],"1":[0,3]},"_coverageSchema":"1a1c01bbd47fc00a2c39e90264f33305004495a9","hash":"23f2f47e5750c68fb5e207afdf6a844d2dc10b20"}
,"/home/ntquoc/WORKSPACE/react-vite/src/BaseUI/checkbox/index.tsx": {"path":"/home/ntquoc/WORKSPACE/react-vite/src/BaseUI/checkbox/index.tsx","statementMap":{"0":{"start":{"line":5,"column":24},"end":{"line":8,"column":1}},"1":{"start":{"line":7,"column":26},"end":{"line":7,"column":63}},"2":{"start":{"line":10,"column":17},"end":{"line":15,"column":1}},"3":{"start":{"line":10,"column":48},"end":{"line":13,"column":1}},"4":{"start":{"line":22,"column":49},"end":{"line":32,"column":1}},"5":{"start":{"line":28,"column":2},"end":{"line":31,"column":20}}},"fnMap":{"0":{"name":"(anonymous_0)","decl":{"start":{"line":7,"column":15},"end":{"line":7,"column":16}},"loc":{"start":{"line":7,"column":26},"end":{"line":7,"column":63}},"line":7},"1":{"name":"(anonymous_1)","decl":{"start":{"line":10,"column":36},"end":{"line":10,"column":37}},"loc":{"start":{"line":10,"column":48},"end":{"line":13,"column":1}},"line":10},"2":{"name":"(anonymous_2)","decl":{"start":{"line":22,"column":49},"end":{"line":22,"column":50}},"loc":{"start":{"line":28,"column":2},"end":{"line":31,"column":20}},"line":28}},"branchMap":{"0":{"loc":{"start":{"line":24,"column":2},"end":{"line":24,"column":17}},"type":"default-arg","locations":[{"start":{"line":24,"column":12},"end":{"line":24,"column":17}}],"line":24},"1":{"loc":{"start":{"line":25,"column":2},"end":{"line":25,"column":17}},"type":"default-arg","locations":[{"start":{"line":25,"column":9},"end":{"line":25,"column":17}}],"line":25}},"s":{"0":1,"1":0,"2":1,"3":0,"4":1,"5":0},"f":{"0":0,"1":0,"2":0},"b":{"0":[0],"1":[0]},"_coverageSchema":"1a1c01bbd47fc00a2c39e90264f33305004495a9","hash":"9496716131e51be5a335234459caa8eac08b91d3"}
,"/home/ntquoc/WORKSPACE/react-vite/src/BaseUI/input/index.tsx": {"path":"/home/ntquoc/WORKSPACE/react-vite/src/BaseUI/input/index.tsx","statementMap":{"0":{"start":{"line":8,"column":19},"end":{"line":13,"column":1}},"1":{"start":{"line":12,"column":32},"end":{"line":12,"column":72}},"2":{"start":{"line":20,"column":20},"end":{"line":27,"column":1}},"3":{"start":{"line":22,"column":23},"end":{"line":22,"column":59}},"4":{"start":{"line":24,"column":26},"end":{"line":24,"column":63}},"5":{"start":{"line":29,"column":0},"end":{"line":29,"column":31}}},"fnMap":{"0":{"name":"(anonymous_0)","decl":{"start":{"line":12,"column":21},"end":{"line":12,"column":22}},"loc":{"start":{"line":12,"column":32},"end":{"line":12,"column":72}},"line":12},"1":{"name":"(anonymous_1)","decl":{"start":{"line":22,"column":11},"end":{"line":22,"column":12}},"loc":{"start":{"line":22,"column":23},"end":{"line":22,"column":59}},"line":22},"2":{"name":"(anonymous_2)","decl":{"start":{"line":24,"column":15},"end":{"line":24,"column":16}},"loc":{"start":{"line":24,"column":26},"end":{"line":24,"column":63}},"line":24}},"branchMap":{"0":{"loc":{"start":{"line":12,"column":32},"end":{"line":12,"column":72}},"type":"binary-expr","locations":[{"start":{"line":12,"column":32},"end":{"line":12,"column":56}},{"start":{"line":12,"column":60},"end":{"line":12,"column":72}}],"line":12},"1":{"loc":{"start":{"line":22,"column":23},"end":{"line":22,"column":59}},"type":"cond-expr","locations":[{"start":{"line":22,"column":37},"end":{"line":22,"column":43}},{"start":{"line":22,"column":46},"end":{"line":22,"column":59}}],"line":22}},"s":{"0":1,"1":3,"2":1,"3":3,"4":3,"5":1},"f":{"0":3,"1":3,"2":3},"b":{"0":[3,3],"1":[3,0]},"_coverageSchema":"1a1c01bbd47fc00a2c39e90264f33305004495a9","hash":"f2c4acaaba394c9b9028a4dcd3439b995a227ed7"}
,"/home/ntquoc/WORKSPACE/react-vite/src/BaseUI/layout/index.tsx": {"path":"/home/ntquoc/WORKSPACE/react-vite/src/BaseUI/layout/index.tsx","statementMap":{"0":{"start":{"line":3,"column":24},"end":{"line":7,"column":1}},"1":{"start":{"line":13,"column":18},"end":{"line":18,"column":1}},"2":{"start":{"line":17,"column":32},"end":{"line":17,"column":72}},"3":{"start":{"line":24,"column":23},"end":{"line":30,"column":1}},"4":{"start":{"line":25,"column":14},"end":{"line":25,"column":15}},"5":{"start":{"line":26,"column":2},"end":{"line":28,"column":25}},"6":{"start":{"line":26,"column":18},"end":{"line":26,"column":30}},"7":{"start":{"line":27,"column":7},"end":{"line":28,"column":25}},"8":{"start":{"line":27,"column":21},"end":{"line":27,"column":31}},"9":{"start":{"line":28,"column":7},"end":{"line":28,"column":25}},"10":{"start":{"line":29,"column":2},"end":{"line":29,"column":15}},"11":{"start":{"line":32,"column":18},"end":{"line":35,"column":1}},"12":{"start":{"line":33,"column":22},"end":{"line":33,"column":54}},"13":{"start":{"line":34,"column":25},"end":{"line":34,"column":57}}},"fnMap":{"0":{"name":"(anonymous_0)","decl":{"start":{"line":17,"column":21},"end":{"line":17,"column":22}},"loc":{"start":{"line":17,"column":32},"end":{"line":17,"column":72}},"line":17},"1":{"name":"(anonymous_1)","decl":{"start":{"line":24,"column":23},"end":{"line":24,"column":24}},"loc":{"start":{"line":24,"column":41},"end":{"line":30,"column":1}},"line":24},"2":{"name":"(anonymous_2)","decl":{"start":{"line":33,"column":11},"end":{"line":33,"column":12}},"loc":{"start":{"line":33,"column":22},"end":{"line":33,"column":54}},"line":33},"3":{"name":"(anonymous_3)","decl":{"start":{"line":34,"column":14},"end":{"line":34,"column":15}},"loc":{"start":{"line":34,"column":25},"end":{"line":34,"column":57}},"line":34}},"branchMap":{"0":{"loc":{"start":{"line":17,"column":32},"end":{"line":17,"column":72}},"type":"binary-expr","locations":[{"start":{"line":17,"column":32},"end":{"line":17,"column":56}},{"start":{"line":17,"column":60},"end":{"line":17,"column":72}}],"line":17},"1":{"loc":{"start":{"line":26,"column":2},"end":{"line":28,"column":25}},"type":"if","locations":[{"start":{"line":26,"column":2},"end":{"line":28,"column":25}},{"start":{"line":27,"column":7},"end":{"line":28,"column":25}}],"line":26},"2":{"loc":{"start":{"line":27,"column":7},"end":{"line":28,"column":25}},"type":"if","locations":[{"start":{"line":27,"column":7},"end":{"line":28,"column":25}},{"start":{"line":28,"column":7},"end":{"line":28,"column":25}}],"line":27},"3":{"loc":{"start":{"line":33,"column":37},"end":{"line":33,"column":53}},"type":"binary-expr","locations":[{"start":{"line":33,"column":37},"end":{"line":33,"column":47}},{"start":{"line":33,"column":51},"end":{"line":33,"column":53}}],"line":33},"4":{"loc":{"start":{"line":34,"column":40},"end":{"line":34,"column":56}},"type":"binary-expr","locations":[{"start":{"line":34,"column":40},"end":{"line":34,"column":50}},{"start":{"line":34,"column":54},"end":{"line":34,"column":56}}],"line":34}},"s":{"0":1,"1":1,"2":0,"3":1,"4":0,"5":0,"6":0,"7":0,"8":0,"9":0,"10":0,"11":1,"12":0,"13":0},"f":{"0":0,"1":0,"2":0,"3":0},"b":{"0":[0,0],"1":[0,0],"2":[0,0],"3":[0,0],"4":[0,0]},"_coverageSchema":"1a1c01bbd47fc00a2c39e90264f33305004495a9","hash":"bf7f6555471fe8af91fbf3ff84c8a3f659f8ad84"}
,"/home/ntquoc/WORKSPACE/react-vite/src/BaseUI/select/index.tsx": {"path":"/home/ntquoc/WORKSPACE/react-vite/src/BaseUI/select/index.tsx","statementMap":{"0":{"start":{"line":4,"column":27},"end":{"line":4,"column":56}},"1":{"start":{"line":10,"column":21},"end":{"line":14,"column":1}},"2":{"start":{"line":11,"column":26},"end":{"line":11,"column":63}},"3":{"start":{"line":16,"column":0},"end":{"line":16,"column":41}}},"fnMap":{"0":{"name":"(anonymous_0)","decl":{"start":{"line":11,"column":15},"end":{"line":11,"column":16}},"loc":{"start":{"line":11,"column":26},"end":{"line":11,"column":63}},"line":11}},"branchMap":{},"s":{"0":1,"1":1,"2":3,"3":1},"f":{"0":3},"b":{},"_coverageSchema":"1a1c01bbd47fc00a2c39e90264f33305004495a9","hash":"e6179e0c4b0b9f7688483c3f9b831d7abc6a62d2"}
,"/home/ntquoc/WORKSPACE/react-vite/src/BaseUI/tag/index.tsx": {"path":"/home/ntquoc/WORKSPACE/react-vite/src/BaseUI/tag/index.tsx","statementMap":{"0":{"start":{"line":4,"column":20},"end":{"line":8,"column":1}},"1":{"start":{"line":5,"column":2},"end":{"line":5,"column":33}},"2":{"start":{"line":5,"column":14},"end":{"line":5,"column":33}},"3":{"start":{"line":7,"column":2},"end":{"line":7,"column":55}},"4":{"start":{"line":15,"column":25},"end":{"line":22,"column":1}},"5":{"start":{"line":20,"column":22},"end":{"line":20,"column":46}},"6":{"start":{"line":21,"column":26},"end":{"line":21,"column":63}}},"fnMap":{"0":{"name":"(anonymous_0)","decl":{"start":{"line":4,"column":20},"end":{"line":4,"column":21}},"loc":{"start":{"line":4,"column":40},"end":{"line":8,"column":1}},"line":4},"1":{"name":"(anonymous_1)","decl":{"start":{"line":20,"column":11},"end":{"line":20,"column":12}},"loc":{"start":{"line":20,"column":22},"end":{"line":20,"column":46}},"line":20},"2":{"name":"(anonymous_2)","decl":{"start":{"line":21,"column":15},"end":{"line":21,"column":16}},"loc":{"start":{"line":21,"column":26},"end":{"line":21,"column":63}},"line":21}},"branchMap":{"0":{"loc":{"start":{"line":5,"column":2},"end":{"line":5,"column":33}},"type":"if","locations":[{"start":{"line":5,"column":2},"end":{"line":5,"column":33}},{"start":{},"end":{}}],"line":5},"1":{"loc":{"start":{"line":7,"column":9},"end":{"line":7,"column":54}},"type":"binary-expr","locations":[{"start":{"line":7,"column":9},"end":{"line":7,"column":45}},{"start":{"line":7,"column":49},"end":{"line":7,"column":54}}],"line":7}},"s":{"0":1,"1":0,"2":0,"3":0,"4":1,"5":0,"6":0},"f":{"0":0,"1":0,"2":0},"b":{"0":[0,0],"1":[0,0]},"_coverageSchema":"1a1c01bbd47fc00a2c39e90264f33305004495a9","hash":"921df577e43cbbd1d5c5315c42d13374364f0059"}
,"/home/ntquoc/WORKSPACE/react-vite/src/app/theme/colors.ts": {"path":"/home/ntquoc/WORKSPACE/react-vite/src/app/theme/colors.ts","statementMap":{"0":{"start":{"line":19,"column":29},"end":{"line":33,"column":1}}},"fnMap":{},"branchMap":{},"s":{"0":1},"f":{},"b":{},"_coverageSchema":"1a1c01bbd47fc00a2c39e90264f33305004495a9","hash":"7e7d78bf0e348c3a073cc27a355678b84feeef64"}
,"/home/ntquoc/WORKSPACE/react-vite/src/app/theme/index.ts": {"path":"/home/ntquoc/WORKSPACE/react-vite/src/app/theme/index.ts","statementMap":{},"fnMap":{},"branchMap":{},"s":{},"f":{},"b":{},"_coverageSchema":"1a1c01bbd47fc00a2c39e90264f33305004495a9","hash":"425ca3e155b3720b510998a2a3ee8e83b540a384"}
,"/home/ntquoc/WORKSPACE/react-vite/src/app/theme/sizing.ts": {"path":"/home/ntquoc/WORKSPACE/react-vite/src/app/theme/sizing.ts","statementMap":{"0":{"start":{"line":1,"column":13},"end":{"line":5,"column":1}},"1":{"start":{"line":7,"column":20},"end":{"line":11,"column":1}},"2":{"start":{"line":15,"column":21},"end":{"line":19,"column":1}},"3":{"start":{"line":16,"column":2},"end":{"line":16,"column":39}},"4":{"start":{"line":16,"column":13},"end":{"line":16,"column":39}},"5":{"start":{"line":18,"column":2},"end":{"line":18,"column":27}}},"fnMap":{"0":{"name":"(anonymous_0)","decl":{"start":{"line":15,"column":21},"end":{"line":15,"column":22}},"loc":{"start":{"line":15,"column":41},"end":{"line":19,"column":1}},"line":15}},"branchMap":{"0":{"loc":{"start":{"line":16,"column":2},"end":{"line":16,"column":39}},"type":"if","locations":[{"start":{"line":16,"column":2},"end":{"line":16,"column":39}},{"start":{},"end":{}}],"line":16}},"s":{"0":1,"1":1,"2":1,"3":9,"4":9,"5":0},"f":{"0":9},"b":{"0":[9,0]},"_coverageSchema":"1a1c01bbd47fc00a2c39e90264f33305004495a9","hash":"8b6ec65ed83c648b1804afdde5d30bbf0fbd0647"}
,"/home/ntquoc/WORKSPACE/react-vite/src/components/new-todo/new-todo.tsx": {"path":"/home/ntquoc/WORKSPACE/react-vite/src/components/new-todo/new-todo.tsx","statementMap":{"0":{"start":{"line":15,"column":56},"end":{"line":19,"column":1}},"1":{"start":{"line":21,"column":24},"end":{"line":24,"column":3}},"2":{"start":{"line":21,"column":60},"end":{"line":24,"column":1}},"3":{"start":{"line":26,"column":41},"end":{"line":78,"column":1}},"4":{"start":{"line":27,"column":28},"end":{"line":31,"column":4}},"5":{"start":{"line":33,"column":30},"end":{"line":35,"column":3}},"6":{"start":{"line":34,"column":4},"end":{"line":34,"column":61}},"7":{"start":{"line":34,"column":23},"end":{"line":34,"column":58}},"8":{"start":{"line":37,"column":31},"end":{"line":39,"column":3}},"9":{"start":{"line":38,"column":4},"end":{"line":38,"column":79}},"10":{"start":{"line":38,"column":23},"end":{"line":38,"column":76}},"11":{"start":{"line":41,"column":24},"end":{"line":43,"column":3}},"12":{"start":{"line":42,"column":4},"end":{"line":42,"column":20}},"13":{"start":{"line":45,"column":24},"end":{"line":51,"column":3}},"14":{"start":{"line":46,"column":20},"end":{"line":46,"column":21}},"15":{"start":{"line":48,"column":4},"end":{"line":50,"column":5}},"16":{"start":{"line":49,"column":6},"end":{"line":49,"column":22}},"17":{"start":{"line":53,"column":2},"end":{"line":77,"column":4}},"18":{"start":{"line":64,"column":10},"end":{"line":70,"column":26}}},"fnMap":{"0":{"name":"(anonymous_0)","decl":{"start":{"line":21,"column":52},"end":{"line":21,"column":53}},"loc":{"start":{"line":21,"column":60},"end":{"line":24,"column":1}},"line":21},"1":{"name":"(anonymous_1)","decl":{"start":{"line":26,"column":41},"end":{"line":26,"column":42}},"loc":{"start":{"line":26,"column":59},"end":{"line":78,"column":1}},"line":26},"2":{"name":"(anonymous_2)","decl":{"start":{"line":33,"column":30},"end":{"line":33,"column":31}},"loc":{"start":{"line":33,"column":74},"end":{"line":35,"column":3}},"line":33},"3":{"name":"(anonymous_3)","decl":{"start":{"line":34,"column":13},"end":{"line":34,"column":14}},"loc":{"start":{"line":34,"column":23},"end":{"line":34,"column":58}},"line":34},"4":{"name":"(anonymous_4)","decl":{"start":{"line":37,"column":31},"end":{"line":37,"column":32}},"loc":{"start":{"line":37,"column":76},"end":{"line":39,"column":3}},"line":37},"5":{"name":"(anonymous_5)","decl":{"start":{"line":38,"column":13},"end":{"line":38,"column":14}},"loc":{"start":{"line":38,"column":23},"end":{"line":38,"column":76}},"line":38},"6":{"name":"(anonymous_6)","decl":{"start":{"line":41,"column":24},"end":{"line":41,"column":25}},"loc":{"start":{"line":41,"column":30},"end":{"line":43,"column":3}},"line":41},"7":{"name":"(anonymous_7)","decl":{"start":{"line":45,"column":24},"end":{"line":45,"column":25}},"loc":{"start":{"line":45,"column":70},"end":{"line":51,"column":3}},"line":45},"8":{"name":"(anonymous_8)","decl":{"start":{"line":63,"column":29},"end":{"line":63,"column":30}},"loc":{"start":{"line":64,"column":10},"end":{"line":70,"column":26}},"line":64}},"branchMap":{"0":{"loc":{"start":{"line":48,"column":4},"end":{"line":50,"column":5}},"type":"if","locations":[{"start":{"line":48,"column":4},"end":{"line":50,"column":5}},{"start":{},"end":{}}],"line":48}},"s":{"0":1,"1":1,"2":3,"3":1,"4":3,"5":3,"6":0,"7":0,"8":3,"9":0,"10":0,"11":3,"12":1,"13":3,"14":1,"15":1,"16":1,"17":3,"18":9},"f":{"0":3,"1":3,"2":0,"3":0,"4":0,"5":0,"6":1,"7":1,"8":9},"b":{"0":[1,0]},"_coverageSchema":"1a1c01bbd47fc00a2c39e90264f33305004495a9","hash":"a2def4135dc323b7fa7eb1174a9a3647db02cb81"}
,"/home/ntquoc/WORKSPACE/react-vite/src/features/todo-list/store/actionCreators.ts": {"path":"/home/ntquoc/WORKSPACE/react-vite/src/features/todo-list/store/actionCreators.ts","statementMap":{"0":{"start":{"line":17,"column":21},"end":{"line":20,"column":2}},"1":{"start":{"line":17,"column":53},"end":{"line":20,"column":1}},"2":{"start":{"line":22,"column":16},"end":{"line":29,"column":2}},"3":{"start":{"line":22,"column":48},"end":{"line":29,"column":1}}},"fnMap":{"0":{"name":"(anonymous_0)","decl":{"start":{"line":17,"column":21},"end":{"line":17,"column":22}},"loc":{"start":{"line":17,"column":53},"end":{"line":20,"column":1}},"line":17},"1":{"name":"(anonymous_1)","decl":{"start":{"line":22,"column":16},"end":{"line":22,"column":17}},"loc":{"start":{"line":22,"column":48},"end":{"line":29,"column":1}},"line":22}},"branchMap":{},"s":{"0":1,"1":1,"2":1,"3":1},"f":{"0":1,"1":1},"b":{},"_coverageSchema":"1a1c01bbd47fc00a2c39e90264f33305004495a9","hash":"d2cc1a2a963589405eb90b41d137e8ea03e86da7"}
,"/home/ntquoc/WORKSPACE/react-vite/src/features/todo-list/store/index.ts": {"path":"/home/ntquoc/WORKSPACE/react-vite/src/features/todo-list/store/index.ts","statementMap":{},"fnMap":{},"branchMap":{},"s":{},"f":{},"b":{},"_coverageSchema":"1a1c01bbd47fc00a2c39e90264f33305004495a9","hash":"7e1d93096aaa293c199d1e1d70780c7204be312c"}
,"/home/ntquoc/WORKSPACE/react-vite/src/features/todo-list/store/slice.ts": {"path":"/home/ntquoc/WORKSPACE/react-vite/src/features/todo-list/store/slice.ts","statementMap":{"0":{"start":{"line":6,"column":29},"end":{"line":21,"column":1}},"1":{"start":{"line":23,"column":24},"end":{"line":43,"column":1}},"2":{"start":{"line":24,"column":2},"end":{"line":42,"column":3}},"3":{"start":{"line":26,"column":6},"end":{"line":37,"column":9}},"4":{"start":{"line":27,"column":8},"end":{"line":27,"column":52}},"5":{"start":{"line":27,"column":40},"end":{"line":27,"column":52}},"6":{"start":{"line":29,"column":27},"end":{"line":29,"column":31}},"7":{"start":{"line":31,"column":26},"end":{"line":31,"column":93}},"8":{"start":{"line":33,"column":8},"end":{"line":36,"column":10}},"9":{"start":{"line":39,"column":6},"end":{"line":39,"column":40}},"10":{"start":{"line":41,"column":6},"end":{"line":41,"column":19}}},"fnMap":{"0":{"name":"(anonymous_0)","decl":{"start":{"line":23,"column":24},"end":{"line":23,"column":25}},"loc":{"start":{"line":23,"column":67},"end":{"line":43,"column":1}},"line":23},"1":{"name":"(anonymous_1)","decl":{"start":{"line":26,"column":23},"end":{"line":26,"column":24}},"loc":{"start":{"line":26,"column":33},"end":{"line":37,"column":7}},"line":26}},"branchMap":{"0":{"loc":{"start":{"line":23,"column":25},"end":{"line":23,"column":45}},"type":"default-arg","locations":[{"start":{"line":23,"column":33},"end":{"line":23,"column":45}}],"line":23},"1":{"loc":{"start":{"line":24,"column":2},"end":{"line":42,"column":3}},"type":"switch","locations":[{"start":{"line":25,"column":4},"end":{"line":37,"column":9}},{"start":{"line":38,"column":4},"end":{"line":39,"column":40}},{"start":{"line":40,"column":4},"end":{"line":41,"column":19}}],"line":24},"2":{"loc":{"start":{"line":27,"column":8},"end":{"line":27,"column":52}},"type":"if","locations":[{"start":{"line":27,"column":8},"end":{"line":27,"column":52}},{"start":{},"end":{}}],"line":27},"3":{"loc":{"start":{"line":31,"column":26},"end":{"line":31,"column":93}},"type":"cond-expr","locations":[{"start":{"line":31,"column":56},"end":{"line":31,"column":74}},{"start":{"line":31,"column":77},"end":{"line":31,"column":93}}],"line":31}},"s":{"0":1,"1":1,"2":3,"3":1,"4":2,"5":1,"6":1,"7":1,"8":1,"9":1,"10":1},"f":{"0":3,"1":2},"b":{"0":[1],"1":[1,1,1],"2":[1,1],"3":[1,0]},"_coverageSchema":"1a1c01bbd47fc00a2c39e90264f33305004495a9","hash":"c28cb8538757cae861995657c0c9f82ee7688f98"}
,"/home/ntquoc/WORKSPACE/react-vite/src/types/todo.ts": {"path":"/home/ntquoc/WORKSPACE/react-vite/src/types/todo.ts","statementMap":{},"fnMap":{},"branchMap":{},"s":{},"f":{},"b":{},"_coverageSchema":"1a1c01bbd47fc00a2c39e90264f33305004495a9","hash":"d69a5e7f98ac38bb5d5f59327c84b904a3248e61"}
}
