TN:
SF:src/BaseUI/index.ts
FNF:0
FNH:0
LF:0
LH:0
BRF:0
BRH:0
end_of_record
TN:
SF:src/BaseUI/button/index.tsx
FN:12,(anonymous_0)
FN:14,(anonymous_1)
FN:15,(anonymous_2)
FN:18,(anonymous_3)
FNF:4
FNH:4
FNDA:3,(anonymous_0)
FNDA:3,(anonymous_1)
FNDA:3,(anonymous_2)
FNDA:3,(anonymous_3)
DA:10,1
DA:12,3
DA:14,3
DA:15,3
DA:18,3
LF:5
LH:5
BRDA:14,0,0,0
BRDA:14,0,1,3
BRDA:15,1,0,0
BRDA:15,1,1,3
BRF:4
BRH:2
end_of_record
TN:
SF:src/BaseUI/checkbox/index.tsx
FN:7,(anonymous_0)
FN:10,(anonymous_1)
FN:22,(anonymous_2)
FNF:3
FNH:0
FNDA:0,(anonymous_0)
FNDA:0,(anonymous_1)
FNDA:0,(anonymous_2)
DA:5,1
DA:7,0
DA:10,1
DA:22,1
DA:28,0
LF:5
LH:3
BRDA:24,0,0,0
BRDA:25,1,0,0
BRF:2
BRH:0
end_of_record
TN:
SF:src/BaseUI/input/index.tsx
FN:12,(anonymous_0)
FN:22,(anonymous_1)
FN:24,(anonymous_2)
FNF:3
FNH:3
FNDA:3,(anonymous_0)
FNDA:3,(anonymous_1)
FNDA:3,(anonymous_2)
DA:8,1
DA:12,3
DA:20,1
DA:22,3
DA:24,3
DA:29,1
LF:6
LH:6
BRDA:12,0,0,3
BRDA:12,0,1,3
BRDA:22,1,0,3
BRDA:22,1,1,0
BRF:4
BRH:3
end_of_record
TN:
SF:src/BaseUI/layout/index.tsx
FN:17,(anonymous_0)
FN:24,(anonymous_1)
FN:33,(anonymous_2)
FN:34,(anonymous_3)
FNF:4
FNH:0
FNDA:0,(anonymous_0)
FNDA:0,(anonymous_1)
FNDA:0,(anonymous_2)
FNDA:0,(anonymous_3)
DA:3,1
DA:13,1
DA:17,0
DA:24,1
DA:25,0
DA:26,0
DA:27,0
DA:28,0
DA:29,0
DA:32,1
DA:33,0
DA:34,0
LF:12
LH:4
BRDA:17,0,0,0
BRDA:17,0,1,0
BRDA:26,1,0,0
BRDA:26,1,1,0
BRDA:27,2,0,0
BRDA:27,2,1,0
BRDA:33,3,0,0
BRDA:33,3,1,0
BRDA:34,4,0,0
BRDA:34,4,1,0
BRF:10
BRH:0
end_of_record
TN:
SF:src/BaseUI/select/index.tsx
FN:11,(anonymous_0)
FNF:1
FNH:1
FNDA:3,(anonymous_0)
DA:4,1
DA:10,1
DA:11,3
DA:16,1
LF:4
LH:4
BRF:0
BRH:0
end_of_record
TN:
SF:src/BaseUI/tag/index.tsx
FN:4,(anonymous_0)
FN:20,(anonymous_1)
FN:21,(anonymous_2)
FNF:3
FNH:0
FNDA:0,(anonymous_0)
FNDA:0,(anonymous_1)
FNDA:0,(anonymous_2)
DA:4,1
DA:5,0
DA:7,0
DA:15,1
DA:20,0
DA:21,0
LF:6
LH:2
BRDA:5,0,0,0
BRDA:5,0,1,0
BRDA:7,1,0,0
BRDA:7,1,1,0
BRF:4
BRH:0
end_of_record
TN:
SF:src/app/theme/colors.ts
FNF:0
FNH:0
DA:19,1
LF:1
LH:1
BRF:0
BRH:0
end_of_record
TN:
SF:src/app/theme/index.ts
FNF:0
FNH:0
LF:0
LH:0
BRF:0
BRH:0
end_of_record
TN:
SF:src/app/theme/sizing.ts
FN:15,(anonymous_0)
FNF:1
FNH:1
FNDA:9,(anonymous_0)
DA:1,1
DA:7,1
DA:15,1
DA:16,9
DA:18,0
LF:5
LH:4
BRDA:16,0,0,9
BRDA:16,0,1,0
BRF:2
BRH:1
end_of_record
TN:
SF:src/components/new-todo/new-todo.tsx
FN:21,(anonymous_0)
FN:26,(anonymous_1)
FN:33,(anonymous_2)
FN:34,(anonymous_3)
FN:37,(anonymous_4)
FN:38,(anonymous_5)
FN:41,(anonymous_6)
FN:45,(anonymous_7)
FN:63,(anonymous_8)
FNF:9
FNH:5
FNDA:3,(anonymous_0)
FNDA:3,(anonymous_1)
FNDA:0,(anonymous_2)
FNDA:0,(anonymous_3)
FNDA:0,(anonymous_4)
FNDA:0,(anonymous_5)
FNDA:1,(anonymous_6)
FNDA:1,(anonymous_7)
FNDA:9,(anonymous_8)
DA:15,1
DA:21,3
DA:26,1
DA:27,3
DA:33,3
DA:34,0
DA:37,3
DA:38,0
DA:41,3
DA:42,1
DA:45,3
DA:46,1
DA:48,1
DA:49,1
DA:53,3
DA:64,9
LF:16
LH:14
BRDA:48,0,0,1
BRDA:48,0,1,0
BRF:2
BRH:1
end_of_record
TN:
SF:src/features/todo-list/store/actionCreators.ts
FN:17,(anonymous_0)
FN:22,(anonymous_1)
FNF:2
FNH:2
FNDA:1,(anonymous_0)
FNDA:1,(anonymous_1)
DA:17,1
DA:22,1
LF:2
LH:2
BRF:0
BRH:0
end_of_record
TN:
SF:src/features/todo-list/store/index.ts
FNF:0
FNH:0
LF:0
LH:0
BRF:0
BRH:0
end_of_record
TN:
SF:src/features/todo-list/store/slice.ts
FN:23,(anonymous_0)
FN:26,(anonymous_1)
FNF:2
FNH:2
FNDA:3,(anonymous_0)
FNDA:2,(anonymous_1)
DA:6,1
DA:23,1
DA:24,3
DA:26,1
DA:27,2
DA:29,1
DA:31,1
DA:33,1
DA:39,1
DA:41,1
LF:10
LH:10
BRDA:23,0,0,1
BRDA:24,1,0,1
BRDA:24,1,1,1
BRDA:24,1,2,1
BRDA:27,2,0,1
BRDA:27,2,1,1
BRDA:31,3,0,1
BRDA:31,3,1,0
BRF:8
BRH:7
end_of_record
TN:
SF:src/types/todo.ts
FNF:0
FNH:0
LF:0
LH:0
BRF:0
BRH:0
end_of_record
